[GET] [/products/new] [Fri Apr 21 2017 14:04:31 GMT-1000 (HST)]
[GET] [/css/styles.css] [Fri Apr 21 2017 14:04:31 GMT-1000 (HST)]
[GET] [/products] [Fri Apr 21 2017 14:04:47 GMT-1000 (HST)]
[GET] [/css/styles.css] [Fri Apr 21 2017 14:04:47 GMT-1000 (HST)]
[GET] [/css/styles.css] [Fri Apr 21 2017 14:05:06 GMT-1000 (HST)]
[GET] [/products] [Fri Apr 21 2017 14:05:42 GMT-1000 (HST)]
[GET] [/css/styles.css] [Fri Apr 21 2017 14:05:42 GMT-1000 (HST)]
[GET] [/products] [Fri Apr 21 2017 14:06:07 GMT-1000 (HST)]
[GET] [/css/styles.css] [Fri Apr 21 2017 14:06:07 GMT-1000 (HST)]
[GET] [/products] [Fri Apr 21 2017 14:06:16 GMT-1000 (HST)]
[GET] [/css/styles.css] [Fri Apr 21 2017 14:06:16 GMT-1000 (HST)]
[GET] [/products] [Fri Apr 21 2017 14:07:44 GMT-1000 (HST)]
[GET] [/css/styles.css] [Fri Apr 21 2017 14:07:44 GMT-1000 (HST)]
[GET] [/] [Fri Apr 21 2017 14:07:48 GMT-1000 (HST)]
[GET] [/css/styles.css] [Fri Apr 21 2017 14:07:48 GMT-1000 (HST)]
[GET] [/] [Fri Apr 21 2017 14:08:02 GMT-1000 (HST)]
[GET] [/css/styles.css] [Fri Apr 21 2017 14:08:02 GMT-1000 (HST)]
[GET] [/] [Fri Apr 21 2017 14:08:10 GMT-1000 (HST)]
[GET] [/css/styles.css] [Fri Apr 21 2017 14:08:10 GMT-1000 (HST)]
[GET] [/] [Fri Apr 21 2017 14:09:38 GMT-1000 (HST)]
[GET] [/css/styles.css] [Fri Apr 21 2017 14:09:38 GMT-1000 (HST)]
[GET] [/] [Fri Apr 21 2017 14:10:02 GMT-1000 (HST)]
[GET] [/css/styles.css] [Fri Apr 21 2017 14:10:02 GMT-1000 (HST)]
[GET] [/] [Fri Apr 21 2017 14:12:24 GMT-1000 (HST)]
[GET] [/css/styles.css] [Fri Apr 21 2017 14:12:24 GMT-1000 (HST)]
[GET] [/] [Fri Apr 21 2017 14:16:22 GMT-1000 (HST)]
[GET] [/css/styles.css] [Fri Apr 21 2017 14:16:22 GMT-1000 (HST)]
[GET] [/] [Fri Apr 21 2017 14:17:07 GMT-1000 (HST)]
[GET] [/css/styles.css] [Fri Apr 21 2017 14:17:07 GMT-1000 (HST)]
[GET] [/] [Fri Apr 21 2017 14:17:29 GMT-1000 (HST)]
[GET] [/css/styles.css] [Fri Apr 21 2017 14:17:29 GMT-1000 (HST)]
[GET] [/] [Fri Apr 21 2017 14:17:42 GMT-1000 (HST)]
[GET] [/css/styles.css] [Fri Apr 21 2017 14:17:42 GMT-1000 (HST)]
[GET] [/] [Fri Apr 21 2017 14:17:50 GMT-1000 (HST)]
[GET] [/css/styles.css] [Fri Apr 21 2017 14:17:50 GMT-1000 (HST)]
[GET] [/] [Fri Apr 21 2017 14:17:51 GMT-1000 (HST)]
[GET] [/css/styles.css] [Fri Apr 21 2017 14:17:51 GMT-1000 (HST)]
[GET] [/] [Fri Apr 21 2017 14:18:50 GMT-1000 (HST)]
[GET] [/css/styles.css] [Fri Apr 21 2017 14:18:50 GMT-1000 (HST)]
[GET] [/products] [Fri Apr 21 2017 14:19:07 GMT-1000 (HST)]
[GET] [/css/styles.css] [Fri Apr 21 2017 14:19:07 GMT-1000 (HST)]
[GET] [/products/new] [Fri Apr 21 2017 14:19:09 GMT-1000 (HST)]
[GET] [/css/styles.css] [Fri Apr 21 2017 14:19:09 GMT-1000 (HST)]
[POST] [/products] [Fri Apr 21 2017 14:19:17 GMT-1000 (HST)]
[GET] [/products] [Fri Apr 21 2017 14:19:17 GMT-1000 (HST)]
[GET] [/css/styles.css] [Fri Apr 21 2017 14:19:17 GMT-1000 (HST)]
[GET] [/products/id1492820354851] [Fri Apr 21 2017 14:19:18 GMT-1000 (HST)]
[GET] [/css/styles.css] [Fri Apr 21 2017 14:19:18 GMT-1000 (HST)]
[GET] [/products/id1492820354851/edit] [Fri Apr 21 2017 14:19:21 GMT-1000 (HST)]
[GET] [/css/styles.css] [Fri Apr 21 2017 14:19:21 GMT-1000 (HST)]
[GET] [/products] [Fri Apr 21 2017 14:24:58 GMT-1000 (HST)]
[GET] [/css/styles.css] [Fri Apr 21 2017 14:24:58 GMT-1000 (HST)]
